<?xml version="1.0" encoding="UTF-8"?>
<!-- Generated by org.testng.reporters.JUnitReportReporter -->
<testsuite skipped="0" hostname="DESKTOP-QE4VQ5E" name="com.test.automation.POMFramework.homepage.TC001_VerifyLoginWithInvalidCredentials" tests="1" failures="0" timestamp="11 Nov 2017 20:08:21 GMT" time="0.020" errors="0">
  <testcase name="testGit" time="0.020" classname="com.test.automation.POMFramework.homepage.TC001_VerifyLoginWithInvalidCredentials"/>
</testsuite> <!-- com.test.automation.POMFramework.homepage.TC001_VerifyLoginWithInvalidCredentials -->
